<?xml version="1.0" encoding="UTF-8"?>
<!-- Generated by org.testng.reporters.JUnitReportReporter -->
<testsuite skipped="0" hostname="DESKTOP-353OLDC" name="runner.TestNgRunner" tests="4" failures="0" timestamp="14 Oct 2017 10:25:45 GMT" time="78.656" errors="0">
  <testcase name="runFeature" time="18.373" classname="runner.TestNgRunner"/>
  <testcase name="runFeature" time="23.781" classname="runner.TestNgRunner"/>
  <testcase name="runFeature" time="18.032" classname="runner.TestNgRunner"/>
  <testcase name="runFeature" time="18.470" classname="runner.TestNgRunner"/>
</testsuite> <!-- runner.TestNgRunner -->
